Build started 10/19/2015 3:00:16 PM.
     1>Project "C:\Users\coffeyk\OneDrive\Computer Programing\Math_2nd_and_3rd_grade_Learning_Project\Math_2nd_and_3rd_grade_Learning_Project\Math_2nd_and_3rd_grade_Learning_Project.vcxproj" on node 2 (Build target(s)).
     1>Link:
         C:\Program Files (x86)\Microsoft Visual Studio 14.0\VC\bin\link.exe /ERRORREPORT:PROMPT /OUT:"C:\Users\coffeyk\OneDrive\Computer Programing\Math_2nd_and_3rd_grade_Learning_Project\Debug\Math_2nd_and_3rd_grade_Learning_Project.exe" /INCREMENTAL /NOLOGO kernel32.lib user32.lib gdi32.lib winspool.lib comdlg32.lib advapi32.lib shell32.lib ole32.lib oleaut32.lib uuid.lib odbc32.lib odbccp32.lib /MANIFEST /MANIFESTUAC:"level='asInvoker' uiAccess='false'" /manifest:embed /Debug /PDB:"C:\Users\coffeyk\OneDrive\Computer Programing\Math_2nd_and_3rd_grade_Learning_Project\Debug\Math_2nd_and_3rd_grade_Learning_Project.pdb" /SUBSYSTEM:CONSOLE /TLBID:1 /DYNAMICBASE /NXCOMPAT /IMPLIB:"C:\Users\coffeyk\OneDrive\Computer Programing\Math_2nd_and_3rd_grade_Learning_Project\Debug\Math_2nd_and_3rd_grade_Learning_Project.lib" /MACHINE:X86 Debug\Math_2nd_and_3rd_grade_Learning_Project.obj
     1>LINK : fatal error LNK1207: incompatible PDB format in 'C:\Users\coffeyk\OneDrive\Computer Programing\Math_2nd_and_3rd_grade_Learning_Project\Debug\Math_2nd_and_3rd_grade_Learning_Project.pdb'; delete and rebuild
     1>Done Building Project "C:\Users\coffeyk\OneDrive\Computer Programing\Math_2nd_and_3rd_grade_Learning_Project\Math_2nd_and_3rd_grade_Learning_Project\Math_2nd_and_3rd_grade_Learning_Project.vcxproj" (Build target(s)) -- FAILED.

Build FAILED.

Time Elapsed 00:00:00.67
